<?xml version="1.0" encoding="UTF-8"?>
<!-- Generated by org.testng.reporters.JUnitReportReporter -->
<testsuite hostname="LAPTOP-401LER1A" failures="0" tests="1" name="day5.JSON_SchemaValidation" time="1.762" errors="0" timestamp="2025-05-26T12:41:42 IST" skipped="0">
  <testcase classname="day5.JSON_SchemaValidation" name="schemaValidation" time="1.762"/>
</testsuite> <!-- day5.JSON_SchemaValidation -->
