<?xml version="1.0" encoding="UTF-8"?>
<!-- Generated by org.testng.reporters.JUnitReportReporter -->
<testsuite hostname="LAPTOP-401LER1A" failures="0" tests="1" name="day3.LoginDemo" time="1.604" errors="0" timestamp="2025-05-10T14:39:29 IST" skipped="0">
  <testcase classname="day3.LoginDemo" name="testLog" time="1.604"/>
</testsuite> <!-- day3.LoginDemo -->
