<?xml version="1.0" encoding="UTF-8"?>
<!-- Generated by org.testng.reporters.JUnitReportReporter -->
<testsuite hostname="LAPTOP-401LER1A" failures="0" tests="4" name="day2.PostRequestBody" time="2.654" errors="0" timestamp="2025-05-07T15:03:11 IST" skipped="0">
  <testcase classname="day2.PostRequestBody" name="postDataUsingPOJO_Class" time="0.359"/>
  <testcase classname="day2.PostRequestBody" name="postDataUsingExternalJsonFile" time="2.123"/>
  <testcase classname="day2.PostRequestBody" name="testPostUsingHashMap" time="0.118"/>
  <testcase classname="day2.PostRequestBody" name="testPostUsingJsonLibrary" time="0.054"/>
</testsuite> <!-- day2.PostRequestBody -->
