<?xml version="1.0" encoding="UTF-8"?>
<!-- Generated by org.testng.reporters.JUnitReportReporter -->
<testsuite hostname="LAPTOP-401LER1A" failures="0" tests="4" name="day1.HTTPRequest" time="4.083" errors="0" timestamp="2025-05-28T10:06:32 IST" skipped="0">
  <testcase classname="day1.HTTPRequest" name="getUsers" time="2.538"/>
  <testcase classname="day1.HTTPRequest" name="createUser" time="0.745"/>
  <testcase classname="day1.HTTPRequest" name="updateUser" time="0.404"/>
  <testcase classname="day1.HTTPRequest" name="deleteUser" time="0.396"/>
</testsuite> <!-- day1.HTTPRequest -->
