<?xml version="1.0" encoding="UTF-8"?>
<!-- Generated by org.testng.reporters.JUnitReportReporter -->
<testsuite hostname="LAPTOP-401LER1A" failures="0" tests="1" name="day3.PathAndQueryParameters" time="1.973" errors="0" timestamp="2025-05-07T15:54:32 IST" skipped="0">
  <testcase classname="day3.PathAndQueryParameters" name="testPathAndQueryParameters" time="1.973"/>
</testsuite> <!-- day3.PathAndQueryParameters -->
