<?xml version="1.0" encoding="UTF-8"?>
<!-- Generated by org.testng.reporters.JUnitReportReporter -->
<testsuite hostname="LAPTOP-401LER1A" failures="0" tests="2" name="day3.CookiesDemo" time="3.754" errors="0" timestamp="2025-05-10T13:32:42 IST" skipped="0">
  <testcase classname="day3.CookiesDemo" name="testCookies" time="3.073"/>
  <testcase classname="day3.CookiesDemo" name="getCookiesinfo" time="0.681"/>
</testsuite> <!-- day3.CookiesDemo -->
