<?xml version="1.0" encoding="UTF-8"?>
<!-- Generated by org.testng.reporters.JUnitReportReporter -->
<testsuite hostname="LAPTOP-401LER1A" failures="0" tests="2" name="day3.HeadersDemo" time="2.975" errors="0" timestamp="2025-05-10T14:25:45 IST" skipped="0">
  <testcase classname="day3.HeadersDemo" name="testHeaders" time="2.310"/>
  <testcase classname="day3.HeadersDemo" name="getHeaders" time="0.665"/>
</testsuite> <!-- day3.HeadersDemo -->
