<?xml version="1.0" encoding="UTF-8"?>
<!-- Generated by org.testng.reporters.JUnitReportReporter -->
<testsuite hostname="LAPTOP-401LER1A" failures="0" tests="2" name="day5.SerilizationDeserilization" time="0.253" errors="0" timestamp="2025-05-28T19:08:51 IST" skipped="0">
  <testcase classname="day5.SerilizationDeserilization" name="convertPOJO_to_JSON" time="0.249"/>
  <testcase classname="day5.SerilizationDeserilization" name="convertJson2Pojo" time="0.004"/>
</testsuite> <!-- day5.SerilizationDeserilization -->
