<?xml version="1.0" encoding="UTF-8"?>
<!-- Generated by org.testng.reporters.JUnitReportReporter -->
<testsuite hostname="LAPTOP-401LER1A" failures="0" tests="1" name="day4.ParsingXMLResponse" time="0.433" errors="0" timestamp="2025-05-23T09:49:17 IST" skipped="0">
  <testcase classname="day4.ParsingXMLResponse" name="testParsingXMLResponse" time="0.433"/>
</testsuite> <!-- day4.ParsingXMLResponse -->
